<?xml version="1.0" encoding="UTF-8"?>
<!-- Generated by org.testng.reporters.JUnitXMLReporter -->
<testsuite ignored="6" hostname="Aloks-MacBook-Pro.local" failures="0" tests="9" name="Test" time="37.468" errors="0" timestamp="2024-06-23T20:52:10 IST">
  <testcase classname="NAGPSelenium.Tests.LiveTrainStatusTest" name="verifyUserCanCheckLiveTrainStatus" time="2.745"/>
  <testcase classname="NAGPSelenium.Tests.RedBusHomeTest" name="VerifyBusTicketHomePageTitle" time="0.005"/>
  <testcase classname="NAGPSelenium.Tests.RedBusHomeTest" name="verifyThatBookTrainTicketButtonTakesToTrainBookingScreen" time="1.432"/>
  <testcase classname="NAGPSelenium.Tests.RedBusHomeTest" name="verifyThatHelpButtonTakesToRedCareScreen" time="1.593"/>
  <testcase classname="NAGPSelenium.Tests.CancelTicketTest" name="verifyThatUserCannotFetchHisTicketWithInvalidDetails" time="0.98"/>
  <testcase classname="NAGPSelenium.Tests.RedRailHomeTest" name="verifyRedRailHomeTitle" time="1.497"/>
  <testcase classname="NAGPSelenium.Tests.RedRailHomeTest" name="verifyThatUserCanSearchTheTrains" time="4.624"/>
  <testcase classname="NAGPSelenium.Tests.RedRailHomeTest" name="verifyThatUserCanSearchTheTrains" time="4.887"/>
  <testcase classname="NAGPSelenium.Tests.RedRailHomeTest" name="verifyThatUserIsNotAbleToSearchWithIncorrectPNR" time="2.369"/>
  <testcase classname="NAGPSelenium.Base.TestCaseBase" name="@AfterSuite AfterSuite" time="0.0">
    <ignored/>
  </testcase> <!-- @AfterSuite AfterSuite -->
  <testcase classname="NAGPSelenium.Base.TestCaseBase" name="@AfterSuite AfterSuite" time="0.0">
    <ignored/>
  </testcase> <!-- @AfterSuite AfterSuite -->
  <testcase classname="NAGPSelenium.Base.TestCaseBase" name="@BeforeSuite BeforeSuite" time="0.0">
    <ignored/>
  </testcase> <!-- @BeforeSuite BeforeSuite -->
  <testcase classname="NAGPSelenium.Base.TestCaseBase" name="@AfterSuite AfterSuite" time="0.0">
    <ignored/>
  </testcase> <!-- @AfterSuite AfterSuite -->
  <testcase classname="NAGPSelenium.Base.TestCaseBase" name="@BeforeSuite BeforeSuite" time="0.0">
    <ignored/>
  </testcase> <!-- @BeforeSuite BeforeSuite -->
  <testcase classname="NAGPSelenium.Base.TestCaseBase" name="@BeforeSuite BeforeSuite" time="0.0">
    <ignored/>
  </testcase> <!-- @BeforeSuite BeforeSuite -->
</testsuite> <!-- Test -->
