<?xml version="1.0" encoding="UTF-8"?>
<testng-results ignored="0" total="9" passed="9" failed="0" skipped="0">
  <reporter-output>
  </reporter-output>
  <suite started-at="2024-06-23T20:51:27 IST" name="Suite" finished-at="2024-06-23T20:52:05 IST" duration-ms="37468">
    <groups>
      <group name="Sanity">
        <method signature="CancelTicketTest.verifyThatUserCannotFetchHisTicketWithInvalidDetails()[pri:0, instance:NAGPSelenium.Tests.CancelTicketTest@2b4c1d96]" name="verifyThatUserCannotFetchHisTicketWithInvalidDetails" class="NAGPSelenium.Tests.CancelTicketTest"/>
        <method signature="LiveTrainStatusTest.verifyUserCanCheckLiveTrainStatus()[pri:0, instance:NAGPSelenium.Tests.LiveTrainStatusTest@64b73e7a]" name="verifyUserCanCheckLiveTrainStatus" class="NAGPSelenium.Tests.LiveTrainStatusTest"/>
        <method signature="RedBusHomeTest.VerifyBusTicketHomePageTitle()[pri:0, instance:NAGPSelenium.Tests.RedBusHomeTest@55322aab]" name="VerifyBusTicketHomePageTitle" class="NAGPSelenium.Tests.RedBusHomeTest"/>
        <method signature="RedBusHomeTest.verifyThatBookTrainTicketButtonTakesToTrainBookingScreen()[pri:0, instance:NAGPSelenium.Tests.RedBusHomeTest@55322aab]" name="verifyThatBookTrainTicketButtonTakesToTrainBookingScreen" class="NAGPSelenium.Tests.RedBusHomeTest"/>
        <method signature="RedBusHomeTest.verifyThatHelpButtonTakesToRedCareScreen()[pri:0, instance:NAGPSelenium.Tests.RedBusHomeTest@55322aab]" name="verifyThatHelpButtonTakesToRedCareScreen" class="NAGPSelenium.Tests.RedBusHomeTest"/>
        <method signature="RedRailHomeTest.verifyRedRailHomeTitle()[pri:0, instance:NAGPSelenium.Tests.RedRailHomeTest@45fd9a4d]" name="verifyRedRailHomeTitle" class="NAGPSelenium.Tests.RedRailHomeTest"/>
        <method signature="RedRailHomeTest.verifyThatUserIsNotAbleToSearchWithIncorrectPNR()[pri:0, instance:NAGPSelenium.Tests.RedRailHomeTest@45fd9a4d]" name="verifyThatUserIsNotAbleToSearchWithIncorrectPNR" class="NAGPSelenium.Tests.RedRailHomeTest"/>
      </group> <!-- Sanity -->
      <group name="Regression">
        <method signature="RedRailHomeTest.verifyThatUserCanSearchTheTrains(java.lang.String,java.lang.String)[pri:0, instance:NAGPSelenium.Tests.RedRailHomeTest@45fd9a4d]" name="verifyThatUserCanSearchTheTrains" class="NAGPSelenium.Tests.RedRailHomeTest"/>
        <method signature="RedRailHomeTest.verifyThatUserIsNotAbleToSearchWithIncorrectPNR()[pri:0, instance:NAGPSelenium.Tests.RedRailHomeTest@45fd9a4d]" name="verifyThatUserIsNotAbleToSearchWithIncorrectPNR" class="NAGPSelenium.Tests.RedRailHomeTest"/>
      </group> <!-- Regression -->
    </groups>
    <test started-at="2024-06-23T20:51:27 IST" name="Test" finished-at="2024-06-23T20:52:05 IST" duration-ms="37468">
      <class name="NAGPSelenium.Tests.RedRailHomeTest">
        <test-method is-config="true" signature="BeforeMethod(org.testng.ITestContext)[pri:0, instance:NAGPSelenium.Tests.RedRailHomeTest@45fd9a4d]" started-at="2024-06-23T20:51:44 IST" name="BeforeMethod" finished-at="2024-06-23T20:51:46 IST" duration-ms="1791" status="PASS">
          <params>
            <param index="0">
              <value>
                <![CDATA[org.testng.TestRunner@45292ec1]]>
              </value>
            </param>
          </params>
          <reporter-output>
          </reporter-output>
        </test-method> <!-- BeforeMethod -->
        <test-method signature="verifyRedRailHomeTitle()[pri:0, instance:NAGPSelenium.Tests.RedRailHomeTest@45fd9a4d]" started-at="2024-06-23T20:51:46 IST" name="verifyRedRailHomeTitle" finished-at="2024-06-23T20:51:47 IST" duration-ms="1497" status="PASS">
          <reporter-output>
          </reporter-output>
        </test-method> <!-- verifyRedRailHomeTitle -->
        <test-method is-config="true" signature="AfterMethod(org.testng.ITestResult)[pri:0, instance:NAGPSelenium.Tests.RedRailHomeTest@45fd9a4d]" started-at="2024-06-23T20:51:47 IST" name="AfterMethod" finished-at="2024-06-23T20:51:47 IST" duration-ms="99" status="PASS">
          <params>
            <param index="0">
              <value>
                <![CDATA[[TestResult name=verifyRedRailHomeTitle status=SUCCESS method=RedRailHomeTest.verifyRedRailHomeTitle()[pri:0, instance:NAGPSelenium.Tests.RedRailHomeTest@45fd9a4d] output={null}]]]>
              </value>
            </param>
          </params>
          <reporter-output>
          </reporter-output>
        </test-method> <!-- AfterMethod -->
        <test-method is-config="true" signature="BeforeMethod(org.testng.ITestContext)[pri:0, instance:NAGPSelenium.Tests.RedRailHomeTest@45fd9a4d]" started-at="2024-06-23T20:51:47 IST" name="BeforeMethod" finished-at="2024-06-23T20:51:49 IST" duration-ms="1835" status="PASS">
          <params>
            <param index="0">
              <value>
                <![CDATA[org.testng.TestRunner@45292ec1]]>
              </value>
            </param>
          </params>
          <reporter-output>
          </reporter-output>
        </test-method> <!-- BeforeMethod -->
        <test-method signature="verifyThatUserCanSearchTheTrains(java.lang.String,java.lang.String)[pri:0, instance:NAGPSelenium.Tests.RedRailHomeTest@45fd9a4d]" started-at="2024-06-23T20:51:49 IST" name="verifyThatUserCanSearchTheTrains" data-provider="TrainSearch" finished-at="2024-06-23T20:51:54 IST" duration-ms="4624" status="PASS">
          <params>
            <param index="0">
              <value>
                <![CDATA[Delhi]]>
              </value>
            </param>
            <param index="1">
              <value>
                <![CDATA[Chandigarh]]>
              </value>
            </param>
          </params>
          <reporter-output>
          </reporter-output>
        </test-method> <!-- verifyThatUserCanSearchTheTrains -->
        <test-method is-config="true" signature="AfterMethod(org.testng.ITestResult)[pri:0, instance:NAGPSelenium.Tests.RedRailHomeTest@45fd9a4d]" started-at="2024-06-23T20:51:54 IST" name="AfterMethod" finished-at="2024-06-23T20:51:54 IST" duration-ms="97" status="PASS">
          <params>
            <param index="0">
              <value>
                <![CDATA[[TestResult name=verifyThatUserCanSearchTheTrains status=SUCCESS method=RedRailHomeTest.verifyThatUserCanSearchTheTrains(java.lang.String,java.lang.String)[pri:0, instance:NAGPSelenium.Tests.RedRailHomeTest@45fd9a4d] output={null}]]]>
              </value>
            </param>
          </params>
          <reporter-output>
          </reporter-output>
        </test-method> <!-- AfterMethod -->
        <test-method is-config="true" signature="BeforeMethod(org.testng.ITestContext)[pri:0, instance:NAGPSelenium.Tests.RedRailHomeTest@45fd9a4d]" started-at="2024-06-23T20:51:54 IST" name="BeforeMethod" finished-at="2024-06-23T20:51:55 IST" duration-ms="1793" status="PASS">
          <params>
            <param index="0">
              <value>
                <![CDATA[org.testng.TestRunner@45292ec1]]>
              </value>
            </param>
          </params>
          <reporter-output>
          </reporter-output>
        </test-method> <!-- BeforeMethod -->
        <test-method signature="verifyThatUserCanSearchTheTrains(java.lang.String,java.lang.String)[pri:0, instance:NAGPSelenium.Tests.RedRailHomeTest@45fd9a4d]" started-at="2024-06-23T20:51:55 IST" name="verifyThatUserCanSearchTheTrains" data-provider="TrainSearch" finished-at="2024-06-23T20:52:00 IST" duration-ms="4887" status="PASS">
          <params>
            <param index="0">
              <value>
                <![CDATA[Chandigarh]]>
              </value>
            </param>
            <param index="1">
              <value>
                <![CDATA[Lucknow]]>
              </value>
            </param>
          </params>
          <reporter-output>
          </reporter-output>
        </test-method> <!-- verifyThatUserCanSearchTheTrains -->
        <test-method is-config="true" signature="AfterMethod(org.testng.ITestResult)[pri:0, instance:NAGPSelenium.Tests.RedRailHomeTest@45fd9a4d]" started-at="2024-06-23T20:52:00 IST" name="AfterMethod" finished-at="2024-06-23T20:52:00 IST" duration-ms="101" status="PASS">
          <params>
            <param index="0">
              <value>
                <![CDATA[[TestResult name=verifyThatUserCanSearchTheTrains status=SUCCESS method=RedRailHomeTest.verifyThatUserCanSearchTheTrains(java.lang.String,java.lang.String)[pri:0, instance:NAGPSelenium.Tests.RedRailHomeTest@45fd9a4d] output={null}]]]>
              </value>
            </param>
          </params>
          <reporter-output>
          </reporter-output>
        </test-method> <!-- AfterMethod -->
        <test-method is-config="true" signature="BeforeMethod(org.testng.ITestContext)[pri:0, instance:NAGPSelenium.Tests.RedRailHomeTest@45fd9a4d]" started-at="2024-06-23T20:52:00 IST" name="BeforeMethod" finished-at="2024-06-23T20:52:02 IST" duration-ms="1800" status="PASS">
          <params>
            <param index="0">
              <value>
                <![CDATA[org.testng.TestRunner@45292ec1]]>
              </value>
            </param>
          </params>
          <reporter-output>
          </reporter-output>
        </test-method> <!-- BeforeMethod -->
        <test-method signature="verifyThatUserIsNotAbleToSearchWithIncorrectPNR()[pri:0, instance:NAGPSelenium.Tests.RedRailHomeTest@45fd9a4d]" started-at="2024-06-23T20:52:02 IST" name="verifyThatUserIsNotAbleToSearchWithIncorrectPNR" finished-at="2024-06-23T20:52:05 IST" duration-ms="2369" status="PASS">
          <reporter-output>
          </reporter-output>
        </test-method> <!-- verifyThatUserIsNotAbleToSearchWithIncorrectPNR -->
        <test-method is-config="true" signature="AfterMethod(org.testng.ITestResult)[pri:0, instance:NAGPSelenium.Tests.RedRailHomeTest@45fd9a4d]" started-at="2024-06-23T20:52:05 IST" name="AfterMethod" finished-at="2024-06-23T20:52:05 IST" duration-ms="106" status="PASS">
          <params>
            <param index="0">
              <value>
                <![CDATA[[TestResult name=verifyThatUserIsNotAbleToSearchWithIncorrectPNR status=SUCCESS method=RedRailHomeTest.verifyThatUserIsNotAbleToSearchWithIncorrectPNR()[pri:0, instance:NAGPSelenium.Tests.RedRailHomeTest@45fd9a4d] output={null}]]]>
              </value>
            </param>
          </params>
          <reporter-output>
          </reporter-output>
        </test-method> <!-- AfterMethod -->
      </class> <!-- NAGPSelenium.Tests.RedRailHomeTest -->
      <class name="NAGPSelenium.Tests.RedBusHomeTest">
        <test-method is-config="true" signature="BeforeMethod(org.testng.ITestContext)[pri:0, instance:NAGPSelenium.Tests.RedBusHomeTest@55322aab]" started-at="2024-06-23T20:51:32 IST" name="BeforeMethod" finished-at="2024-06-23T20:51:34 IST" duration-ms="1805" status="PASS">
          <params>
            <param index="0">
              <value>
                <![CDATA[org.testng.TestRunner@45292ec1]]>
              </value>
            </param>
          </params>
          <reporter-output>
          </reporter-output>
        </test-method> <!-- BeforeMethod -->
        <test-method signature="VerifyBusTicketHomePageTitle()[pri:0, instance:NAGPSelenium.Tests.RedBusHomeTest@55322aab]" started-at="2024-06-23T20:51:34 IST" name="VerifyBusTicketHomePageTitle" finished-at="2024-06-23T20:51:34 IST" duration-ms="5" status="PASS">
          <reporter-output>
          </reporter-output>
        </test-method> <!-- VerifyBusTicketHomePageTitle -->
        <test-method is-config="true" signature="AfterMethod(org.testng.ITestResult)[pri:0, instance:NAGPSelenium.Tests.RedBusHomeTest@55322aab]" started-at="2024-06-23T20:51:34 IST" name="AfterMethod" finished-at="2024-06-23T20:51:34 IST" duration-ms="94" status="PASS">
          <params>
            <param index="0">
              <value>
                <![CDATA[[TestResult name=VerifyBusTicketHomePageTitle status=SUCCESS method=RedBusHomeTest.VerifyBusTicketHomePageTitle()[pri:0, instance:NAGPSelenium.Tests.RedBusHomeTest@55322aab] output={null}]]]>
              </value>
            </param>
          </params>
          <reporter-output>
          </reporter-output>
        </test-method> <!-- AfterMethod -->
        <test-method is-config="true" signature="BeforeMethod(org.testng.ITestContext)[pri:0, instance:NAGPSelenium.Tests.RedBusHomeTest@55322aab]" started-at="2024-06-23T20:51:34 IST" name="BeforeMethod" finished-at="2024-06-23T20:51:36 IST" duration-ms="1762" status="PASS">
          <params>
            <param index="0">
              <value>
                <![CDATA[org.testng.TestRunner@45292ec1]]>
              </value>
            </param>
          </params>
          <reporter-output>
          </reporter-output>
        </test-method> <!-- BeforeMethod -->
        <test-method signature="verifyThatBookTrainTicketButtonTakesToTrainBookingScreen()[pri:0, instance:NAGPSelenium.Tests.RedBusHomeTest@55322aab]" started-at="2024-06-23T20:51:36 IST" name="verifyThatBookTrainTicketButtonTakesToTrainBookingScreen" finished-at="2024-06-23T20:51:37 IST" duration-ms="1432" status="PASS">
          <reporter-output>
          </reporter-output>
        </test-method> <!-- verifyThatBookTrainTicketButtonTakesToTrainBookingScreen -->
        <test-method is-config="true" signature="AfterMethod(org.testng.ITestResult)[pri:0, instance:NAGPSelenium.Tests.RedBusHomeTest@55322aab]" started-at="2024-06-23T20:51:37 IST" name="AfterMethod" finished-at="2024-06-23T20:51:37 IST" duration-ms="101" status="PASS">
          <params>
            <param index="0">
              <value>
                <![CDATA[[TestResult name=verifyThatBookTrainTicketButtonTakesToTrainBookingScreen status=SUCCESS method=RedBusHomeTest.verifyThatBookTrainTicketButtonTakesToTrainBookingScreen()[pri:0, instance:NAGPSelenium.Tests.RedBusHomeTest@55322aab] output={null}]]]>
              </value>
            </param>
          </params>
          <reporter-output>
          </reporter-output>
        </test-method> <!-- AfterMethod -->
        <test-method is-config="true" signature="BeforeMethod(org.testng.ITestContext)[pri:0, instance:NAGPSelenium.Tests.RedBusHomeTest@55322aab]" started-at="2024-06-23T20:51:37 IST" name="BeforeMethod" finished-at="2024-06-23T20:51:39 IST" duration-ms="1759" status="PASS">
          <params>
            <param index="0">
              <value>
                <![CDATA[org.testng.TestRunner@45292ec1]]>
              </value>
            </param>
          </params>
          <reporter-output>
          </reporter-output>
        </test-method> <!-- BeforeMethod -->
        <test-method signature="verifyThatHelpButtonTakesToRedCareScreen()[pri:0, instance:NAGPSelenium.Tests.RedBusHomeTest@55322aab]" started-at="2024-06-23T20:51:39 IST" name="verifyThatHelpButtonTakesToRedCareScreen" finished-at="2024-06-23T20:51:41 IST" duration-ms="1593" status="PASS">
          <reporter-output>
          </reporter-output>
        </test-method> <!-- verifyThatHelpButtonTakesToRedCareScreen -->
        <test-method is-config="true" signature="AfterMethod(org.testng.ITestResult)[pri:0, instance:NAGPSelenium.Tests.RedBusHomeTest@55322aab]" started-at="2024-06-23T20:51:41 IST" name="AfterMethod" finished-at="2024-06-23T20:51:41 IST" duration-ms="101" status="PASS">
          <params>
            <param index="0">
              <value>
                <![CDATA[[TestResult name=verifyThatHelpButtonTakesToRedCareScreen status=SUCCESS method=RedBusHomeTest.verifyThatHelpButtonTakesToRedCareScreen()[pri:0, instance:NAGPSelenium.Tests.RedBusHomeTest@55322aab] output={null}]]]>
              </value>
            </param>
          </params>
          <reporter-output>
          </reporter-output>
        </test-method> <!-- AfterMethod -->
      </class> <!-- NAGPSelenium.Tests.RedBusHomeTest -->
      <class name="NAGPSelenium.Tests.CancelTicketTest">
        <test-method is-config="true" signature="BeforeMethod(org.testng.ITestContext)[pri:0, instance:NAGPSelenium.Tests.CancelTicketTest@2b4c1d96]" started-at="2024-06-23T20:51:41 IST" name="BeforeMethod" finished-at="2024-06-23T20:51:43 IST" duration-ms="1772" status="PASS">
          <params>
            <param index="0">
              <value>
                <![CDATA[org.testng.TestRunner@45292ec1]]>
              </value>
            </param>
          </params>
          <reporter-output>
          </reporter-output>
        </test-method> <!-- BeforeMethod -->
        <test-method signature="verifyThatUserCannotFetchHisTicketWithInvalidDetails()[pri:0, instance:NAGPSelenium.Tests.CancelTicketTest@2b4c1d96]" started-at="2024-06-23T20:51:43 IST" name="verifyThatUserCannotFetchHisTicketWithInvalidDetails" finished-at="2024-06-23T20:51:44 IST" duration-ms="980" status="PASS">
          <reporter-output>
          </reporter-output>
        </test-method> <!-- verifyThatUserCannotFetchHisTicketWithInvalidDetails -->
        <test-method is-config="true" signature="AfterMethod(org.testng.ITestResult)[pri:0, instance:NAGPSelenium.Tests.CancelTicketTest@2b4c1d96]" started-at="2024-06-23T20:51:44 IST" name="AfterMethod" finished-at="2024-06-23T20:51:44 IST" duration-ms="94" status="PASS">
          <params>
            <param index="0">
              <value>
                <![CDATA[[TestResult name=verifyThatUserCannotFetchHisTicketWithInvalidDetails status=SUCCESS method=CancelTicketTest.verifyThatUserCannotFetchHisTicketWithInvalidDetails()[pri:0, instance:NAGPSelenium.Tests.CancelTicketTest@2b4c1d96] output={null}]]]>
              </value>
            </param>
          </params>
          <reporter-output>
          </reporter-output>
        </test-method> <!-- AfterMethod -->
      </class> <!-- NAGPSelenium.Tests.CancelTicketTest -->
      <class name="NAGPSelenium.Tests.LiveTrainStatusTest">
        <test-method is-config="true" signature="BeforeSuite()[pri:0, instance:NAGPSelenium.Tests.LiveTrainStatusTest@64b73e7a]" started-at="2024-06-23T20:51:27 IST" name="BeforeSuite" finished-at="2024-06-23T20:51:27 IST" duration-ms="59" status="PASS">
          <reporter-output>
          </reporter-output>
        </test-method> <!-- BeforeSuite -->
        <test-method is-config="true" signature="BeforeMethod(org.testng.ITestContext)[pri:0, instance:NAGPSelenium.Tests.LiveTrainStatusTest@64b73e7a]" started-at="2024-06-23T20:51:27 IST" name="BeforeMethod" finished-at="2024-06-23T20:51:29 IST" duration-ms="2104" status="PASS">
          <params>
            <param index="0">
              <value>
                <![CDATA[org.testng.TestRunner@45292ec1]]>
              </value>
            </param>
          </params>
          <reporter-output>
          </reporter-output>
        </test-method> <!-- BeforeMethod -->
        <test-method signature="verifyUserCanCheckLiveTrainStatus()[pri:0, instance:NAGPSelenium.Tests.LiveTrainStatusTest@64b73e7a]" started-at="2024-06-23T20:51:29 IST" name="verifyUserCanCheckLiveTrainStatus" finished-at="2024-06-23T20:51:32 IST" duration-ms="2745" status="PASS">
          <reporter-output>
          </reporter-output>
        </test-method> <!-- verifyUserCanCheckLiveTrainStatus -->
        <test-method is-config="true" signature="AfterMethod(org.testng.ITestResult)[pri:0, instance:NAGPSelenium.Tests.LiveTrainStatusTest@64b73e7a]" started-at="2024-06-23T20:51:32 IST" name="AfterMethod" finished-at="2024-06-23T20:51:32 IST" duration-ms="102" status="PASS">
          <params>
            <param index="0">
              <value>
                <![CDATA[[TestResult name=verifyUserCanCheckLiveTrainStatus status=SUCCESS method=LiveTrainStatusTest.verifyUserCanCheckLiveTrainStatus()[pri:0, instance:NAGPSelenium.Tests.LiveTrainStatusTest@64b73e7a] output={null}]]]>
              </value>
            </param>
          </params>
          <reporter-output>
          </reporter-output>
        </test-method> <!-- AfterMethod -->
        <test-method is-config="true" signature="AfterSuite()[pri:0, instance:NAGPSelenium.Tests.LiveTrainStatusTest@64b73e7a]" started-at="2024-06-23T20:52:10 IST" name="AfterSuite" finished-at="2024-06-23T20:52:10 IST" duration-ms="120" status="PASS">
          <reporter-output>
          </reporter-output>
        </test-method> <!-- AfterSuite -->
      </class> <!-- NAGPSelenium.Tests.LiveTrainStatusTest -->
    </test> <!-- Test -->
  </suite> <!-- Suite -->
</testng-results>
